<?xml version="1.0" encoding="UTF-8"?>
<!-- Generated by org.testng.reporters.JUnitXMLReporter -->
<testsuite ignored="0" hostname="swaroop-HP-Notebook" failures="0" tests="4" name="Default test" time="0.193" errors="0" timestamp="2023-03-31T12:22:32 AEDT">
  <testcase classname="tcAndUtils.NewLoginTest" name="testLogin" time="0.015"/>
  <testcase classname="tcAndUtils.NewLoginTest" name="testLogin" time="0.014"/>
  <testcase classname="tcAndUtils.NewLoginTest" name="testUserReg" time="0.007"/>
  <testcase classname="tcAndUtils.NewLoginTest" name="testUserReg" time="0.002"/>
</testsuite> <!-- Default test -->
