<?xml version="1.0" encoding="UTF-8"?>
<testng-results ignored="0" total="4" passed="4" failed="0" skipped="0">
  <reporter-output>
  </reporter-output>
  <suite started-at="2023-03-31T12:22:32 AEDT" name="Default suite" finished-at="2023-03-31T12:22:32 AEDT" duration-ms="193">
    <groups>
    </groups>
    <test started-at="2023-03-31T12:22:32 AEDT" name="Default test" finished-at="2023-03-31T12:22:32 AEDT" duration-ms="193">
      <class name="tcAndUtils.NewLoginTest">
        <test-method signature="testLogin(java.lang.String,java.lang.String)[pri:1, instance:tcAndUtils.NewLoginTest@6e0f5f7f]" started-at="2023-03-31T12:22:32 AEDT" name="testLogin" data-provider="dp1" finished-at="2023-03-31T12:22:32 AEDT" duration-ms="15" status="PASS">
          <params>
            <param index="0">
              <value>
                <![CDATA[Jackie]]>
              </value>
            </param>
            <param index="1">
              <value>
                <![CDATA[123ert]]>
              </value>
            </param>
          </params>
          <reporter-output>
          </reporter-output>
        </test-method> <!-- testLogin -->
        <test-method signature="testLogin(java.lang.String,java.lang.String)[pri:1, instance:tcAndUtils.NewLoginTest@6e0f5f7f]" started-at="2023-03-31T12:22:32 AEDT" name="testLogin" data-provider="dp1" finished-at="2023-03-31T12:22:32 AEDT" duration-ms="14" status="PASS">
          <params>
            <param index="0">
              <value>
                <![CDATA[Anil]]>
              </value>
            </param>
            <param index="1">
              <value>
                <![CDATA[987bgr]]>
              </value>
            </param>
          </params>
          <reporter-output>
          </reporter-output>
        </test-method> <!-- testLogin -->
        <test-method signature="testUserReg(java.lang.String,java.lang.String,java.lang.String)[pri:2, instance:tcAndUtils.NewLoginTest@6e0f5f7f]" started-at="2023-03-31T12:22:32 AEDT" name="testUserReg" data-provider="dp1" finished-at="2023-03-31T12:22:32 AEDT" duration-ms="7" status="PASS">
          <params>
            <param index="0">
              <value>
                <![CDATA[Jackie]]>
              </value>
            </param>
            <param index="1">
              <value>
                <![CDATA[Shroff]]>
              </value>
            </param>
            <param index="2">
              <value>
                <![CDATA[jack@hotmail.com]]>
              </value>
            </param>
          </params>
          <reporter-output>
          </reporter-output>
        </test-method> <!-- testUserReg -->
        <test-method signature="testUserReg(java.lang.String,java.lang.String,java.lang.String)[pri:2, instance:tcAndUtils.NewLoginTest@6e0f5f7f]" started-at="2023-03-31T12:22:32 AEDT" name="testUserReg" data-provider="dp1" finished-at="2023-03-31T12:22:32 AEDT" duration-ms="2" status="PASS">
          <params>
            <param index="0">
              <value>
                <![CDATA[Anil]]>
              </value>
            </param>
            <param index="1">
              <value>
                <![CDATA[Kapoor]]>
              </value>
            </param>
            <param index="2">
              <value>
                <![CDATA[anil@rediffmail.com]]>
              </value>
            </param>
          </params>
          <reporter-output>
          </reporter-output>
        </test-method> <!-- testUserReg -->
      </class> <!-- tcAndUtils.NewLoginTest -->
    </test> <!-- Default test -->
  </suite> <!-- Default suite -->
</testng-results>
